
## ----------------------- ##
## Running config.status.  ##
## ----------------------- ##

This file was extended by config.status 2.52, executed with
  CONFIG_FILES    = 
  CONFIG_HEADERS  = 
  CONFIG_LINKS    = 
  CONFIG_COMMANDS = 
  > ../config.status 
on pickman.office.aol.com

config.status:9403: creating Makefile
config.status:9434: error: cannot find input file: Makefile.in

## ----------------------- ##
## Running config.status.  ##
## ----------------------- ##

This file was extended by config.status 2.52, executed with
  CONFIG_FILES    = 
  CONFIG_HEADERS  = 
  CONFIG_LINKS    = 
  CONFIG_COMMANDS = 
  > ../config.status 
on pickman.office.aol.com

config.status:9403: creating Makefile
config.status:9403: creating replace/Makefile
config.status:9434: error: cannot find input file: replace/Makefile.in
